Symlinking /home/mikael/project_ws2/devel/share/gennodejs/ros/planning/_index.js
Symlinking /home/mikael/project_ws2/devel/share/gennodejs/ros/planning/msg/_index.js
Symlinking /home/mikael/project_ws2/devel/share/gennodejs/ros/planning/msg/PoseWithUncertainties.js
Symlinking /home/mikael/project_ws2/devel/share/common-lisp/ros/planning/msg/planning-msg.asd
Symlinking /home/mikael/project_ws2/devel/share/common-lisp/ros/planning/msg/PoseWithUncertainties.lisp
Symlinking /home/mikael/project_ws2/devel/share/common-lisp/ros/planning/msg/_package_PoseWithUncertainties.lisp
Symlinking /home/mikael/project_ws2/devel/share/common-lisp/ros/planning/msg/_package.lisp
Symlinking /home/mikael/project_ws2/devel/share/planning/cmake/planning-msg-extras.cmake
Symlinking /home/mikael/project_ws2/devel/share/planning/cmake/planning-msg-paths.cmake
Symlinking /home/mikael/project_ws2/devel/share/planning/cmake/planningConfig.cmake
Symlinking /home/mikael/project_ws2/devel/share/planning/cmake/planningConfig-version.cmake
Symlinking /home/mikael/project_ws2/devel/share/roseus/ros/planning/manifest.l
Symlinking /home/mikael/project_ws2/devel/share/roseus/ros/planning/msg/PoseWithUncertainties.l
Symlinking /home/mikael/project_ws2/devel/include/planning/PoseWithUncertainties.h
Symlinking /home/mikael/project_ws2/devel/lib/pkgconfig/planning.pc
Symlinking /home/mikael/project_ws2/devel/lib/python2.7/dist-packages/testing2/__init__.py
Symlinking /home/mikael/project_ws2/devel/lib/python2.7/dist-packages/planning/__init__.py
Symlinking /home/mikael/project_ws2/devel/lib/python2.7/dist-packages/planning/msg/__init__.py
Symlinking /home/mikael/project_ws2/devel/lib/python2.7/dist-packages/planning/msg/_PoseWithUncertainties.py
Symlinking /home/mikael/project_ws2/devel/lib/python2.7/dist-packages/final_version/__init__.py
