Linked: (/home/mikael/project_ws2/devel/.private/planning/share/gennodejs/ros/planning/_index.js, /home/mikael/project_ws2/devel/share/gennodejs/ros/planning/_index.js)
Linked: (/home/mikael/project_ws2/devel/.private/planning/share/gennodejs/ros/planning/msg/_index.js, /home/mikael/project_ws2/devel/share/gennodejs/ros/planning/msg/_index.js)
Linked: (/home/mikael/project_ws2/devel/.private/planning/share/gennodejs/ros/planning/msg/PoseWithUncertainties.js, /home/mikael/project_ws2/devel/share/gennodejs/ros/planning/msg/PoseWithUncertainties.js)
Linked: (/home/mikael/project_ws2/devel/.private/planning/share/common-lisp/ros/planning/msg/planning-msg.asd, /home/mikael/project_ws2/devel/share/common-lisp/ros/planning/msg/planning-msg.asd)
Linked: (/home/mikael/project_ws2/devel/.private/planning/share/common-lisp/ros/planning/msg/PoseWithUncertainties.lisp, /home/mikael/project_ws2/devel/share/common-lisp/ros/planning/msg/PoseWithUncertainties.lisp)
Linked: (/home/mikael/project_ws2/devel/.private/planning/share/common-lisp/ros/planning/msg/_package_PoseWithUncertainties.lisp, /home/mikael/project_ws2/devel/share/common-lisp/ros/planning/msg/_package_PoseWithUncertainties.lisp)
Linked: (/home/mikael/project_ws2/devel/.private/planning/share/common-lisp/ros/planning/msg/_package.lisp, /home/mikael/project_ws2/devel/share/common-lisp/ros/planning/msg/_package.lisp)
Linked: (/home/mikael/project_ws2/devel/.private/planning/share/planning/cmake/planning-msg-extras.cmake, /home/mikael/project_ws2/devel/share/planning/cmake/planning-msg-extras.cmake)
Linked: (/home/mikael/project_ws2/devel/.private/planning/share/planning/cmake/planning-msg-paths.cmake, /home/mikael/project_ws2/devel/share/planning/cmake/planning-msg-paths.cmake)
Linked: (/home/mikael/project_ws2/devel/.private/planning/share/planning/cmake/planningConfig.cmake, /home/mikael/project_ws2/devel/share/planning/cmake/planningConfig.cmake)
Linked: (/home/mikael/project_ws2/devel/.private/planning/share/planning/cmake/planningConfig-version.cmake, /home/mikael/project_ws2/devel/share/planning/cmake/planningConfig-version.cmake)
Linked: (/home/mikael/project_ws2/devel/.private/planning/share/roseus/ros/planning/manifest.l, /home/mikael/project_ws2/devel/share/roseus/ros/planning/manifest.l)
Linked: (/home/mikael/project_ws2/devel/.private/planning/share/roseus/ros/planning/msg/PoseWithUncertainties.l, /home/mikael/project_ws2/devel/share/roseus/ros/planning/msg/PoseWithUncertainties.l)
Linked: (/home/mikael/project_ws2/devel/.private/planning/include/planning/PoseWithUncertainties.h, /home/mikael/project_ws2/devel/include/planning/PoseWithUncertainties.h)
Linked: (/home/mikael/project_ws2/devel/.private/planning/lib/pkgconfig/planning.pc, /home/mikael/project_ws2/devel/lib/pkgconfig/planning.pc)
Linked: (/home/mikael/project_ws2/devel/.private/planning/lib/python2.7/dist-packages/testing2/__init__.py, /home/mikael/project_ws2/devel/lib/python2.7/dist-packages/testing2/__init__.py)
Linked: (/home/mikael/project_ws2/devel/.private/planning/lib/python2.7/dist-packages/planning/__init__.py, /home/mikael/project_ws2/devel/lib/python2.7/dist-packages/planning/__init__.py)
Linked: (/home/mikael/project_ws2/devel/.private/planning/lib/python2.7/dist-packages/planning/msg/__init__.py, /home/mikael/project_ws2/devel/lib/python2.7/dist-packages/planning/msg/__init__.py)
Linked: (/home/mikael/project_ws2/devel/.private/planning/lib/python2.7/dist-packages/planning/msg/_PoseWithUncertainties.py, /home/mikael/project_ws2/devel/lib/python2.7/dist-packages/planning/msg/_PoseWithUncertainties.py)
Linked: (/home/mikael/project_ws2/devel/.private/planning/lib/python2.7/dist-packages/final_version/__init__.py, /home/mikael/project_ws2/devel/lib/python2.7/dist-packages/final_version/__init__.py)
