Determining if the pthread_create exist failed with the following output:
Change Dir: /home/mikael/project_ws2/build/planning/CMakeFiles/CMakeTmp

Run Build Command:"/usr/bin/make" "cmTC_d8197/fast"
/usr/bin/make -f CMakeFiles/cmTC_d8197.dir/build.make CMakeFiles/cmTC_d8197.dir/build
make[1]: Entering directory '/home/mikael/project_ws2/build/planning/CMakeFiles/CMakeTmp'
Building C object CMakeFiles/cmTC_d8197.dir/CheckSymbolExists.c.o
/usr/bin/cc     -o CMakeFiles/cmTC_d8197.dir/CheckSymbolExists.c.o   -c /home/mikael/project_ws2/build/planning/CMakeFiles/CMakeTmp/CheckSymbolExists.c
Linking C executable cmTC_d8197
/usr/bin/cmake -E cmake_link_script CMakeFiles/cmTC_d8197.dir/link.txt --verbose=1
/usr/bin/cc       CMakeFiles/cmTC_d8197.dir/CheckSymbolExists.c.o  -o cmTC_d8197 -rdynamic 
CMakeFiles/cmTC_d8197.dir/CheckSymbolExists.c.o: In function `main':
CheckSymbolExists.c:(.text+0x16): undefined reference to `pthread_create'
collect2: error: ld returned 1 exit status
CMakeFiles/cmTC_d8197.dir/build.make:97: recipe for target 'cmTC_d8197' failed
make[1]: *** [cmTC_d8197] Error 1
make[1]: Leaving directory '/home/mikael/project_ws2/build/planning/CMakeFiles/CMakeTmp'
Makefile:126: recipe for target 'cmTC_d8197/fast' failed
make: *** [cmTC_d8197/fast] Error 2

File /home/mikael/project_ws2/build/planning/CMakeFiles/CMakeTmp/CheckSymbolExists.c:
/* */
#include <pthread.h>

int main(int argc, char** argv)
{
  (void)argv;
#ifndef pthread_create
  return ((int*)(&pthread_create))[argc];
#else
  (void)argc;
  return 0;
#endif
}

Determining if the function pthread_create exists in the pthreads failed with the following output:
Change Dir: /home/mikael/project_ws2/build/planning/CMakeFiles/CMakeTmp

Run Build Command:"/usr/bin/make" "cmTC_87898/fast"
/usr/bin/make -f CMakeFiles/cmTC_87898.dir/build.make CMakeFiles/cmTC_87898.dir/build
make[1]: Entering directory '/home/mikael/project_ws2/build/planning/CMakeFiles/CMakeTmp'
Building C object CMakeFiles/cmTC_87898.dir/CheckFunctionExists.c.o
/usr/bin/cc    -DCHECK_FUNCTION_EXISTS=pthread_create   -o CMakeFiles/cmTC_87898.dir/CheckFunctionExists.c.o   -c /usr/share/cmake-3.5/Modules/CheckFunctionExists.c
Linking C executable cmTC_87898
/usr/bin/cmake -E cmake_link_script CMakeFiles/cmTC_87898.dir/link.txt --verbose=1
/usr/bin/cc   -DCHECK_FUNCTION_EXISTS=pthread_create    CMakeFiles/cmTC_87898.dir/CheckFunctionExists.c.o  -o cmTC_87898 -rdynamic -lpthreads 
/usr/bin/ld: cannot find -lpthreads
collect2: error: ld returned 1 exit status
CMakeFiles/cmTC_87898.dir/build.make:97: recipe for target 'cmTC_87898' failed
make[1]: *** [cmTC_87898] Error 1
make[1]: Leaving directory '/home/mikael/project_ws2/build/planning/CMakeFiles/CMakeTmp'
Makefile:126: recipe for target 'cmTC_87898/fast' failed
make: *** [cmTC_87898/fast] Error 2


